Cutoff date : 2026-06-06  (4 days back)
Fetching    : https://clintonct.org/AgendaCenter/

Total items on page : 379
Within past 4 days : 4

[posted 2026-06-09] Board of Henry Carter Hull Library — meeting 2026-06-10
  downloading    2026-06-10-board-of-henry-carter-hull-library-agenda.pdf
[posted 2026-06-09] Economic Development Commission — meeting 2026-05-12
  downloading    2026-05-12-economic-development-commission-agenda.pdf
  downloading    2026-05-12-economic-development-commission-minutes.pdf
[posted 2026-06-09] Water Pollution Control Commission — meeting 2026-06-09
  downloading    2026-06-09-water-pollution-control-commission-agenda.pdf
[posted 2026-06-08] HCH Library Building Committee — meeting 2026-06-09
  downloading    2026-06-09-hch-library-building-committee-agenda.pdf

Done — downloaded: 5  skipped: 0  failed: 0
Files in: beat-archive/agendas
Log:      beat-archive/agendas/download-log.txt
2026-06-10 08:25:09 — Clinton download complete.
Cutoff date : 2026-06-07  (4 days back)
Fetching    : https://clintonct.org/AgendaCenter/

Total items on page : 382
Within past 4 days : 7

[posted 2026-06-10] Board of Education — meeting 2026-06-17
  downloading    2026-06-17-board-of-education-agenda.pdf
[posted 2026-06-10] Board of Education — meeting 2026-06-15
  downloading    2026-06-15-board-of-education-agenda.pdf
[posted 2026-06-10] Harbor Management Commission — meeting 2026-06-11
  downloading    2026-06-11-harbor-management-commission-agenda.pdf
[posted 2026-06-09] Board of Henry Carter Hull Library — meeting 2026-06-10
  skip (exists)  2026-06-10-board-of-henry-carter-hull-library-agenda.pdf
[posted 2026-06-09] Economic Development Commission — meeting 2026-05-12
  skip (exists)  2026-05-12-economic-development-commission-agenda.pdf
  skip (exists)  2026-05-12-economic-development-commission-minutes.pdf
[posted 2026-06-09] Water Pollution Control Commission — meeting 2026-06-09
  skip (exists)  2026-06-09-water-pollution-control-commission-agenda.pdf
[posted 2026-06-08] HCH Library Building Committee — meeting 2026-06-09
  skip (exists)  2026-06-09-hch-library-building-committee-agenda.pdf

Done — downloaded: 3  skipped: 5  failed: 0
Files in: beat-archive/agendas
Log:      beat-archive/agendas/download-log.txt
2026-06-11 06:45:57 — Clinton download complete.
2026-06-12 05:45:57 — Clinton download starting.
Cutoff date : 2026-06-08  (4 days back)
Fetching    : https://clintonct.org/AgendaCenter/

Total items on page : 384
Within past 4 days : 9

[posted 2026-06-11] Public Works Commission — meeting 2026-06-16
  downloading    2026-06-16-public-works-commission-agenda.pdf
[posted 2026-06-11] Town Council — meeting 2026-06-22
  downloading    2026-06-22-town-council-agenda.pdf
[posted 2026-06-10] Board of Education — meeting 2026-06-17
  skip (exists)  2026-06-17-board-of-education-agenda.pdf
[posted 2026-06-10] Board of Education — meeting 2026-06-15
  skip (exists)  2026-06-15-board-of-education-agenda.pdf
[posted 2026-06-10] Harbor Management Commission — meeting 2026-06-11
  skip (exists)  2026-06-11-harbor-management-commission-agenda.pdf
[posted 2026-06-09] Board of Henry Carter Hull Library — meeting 2026-06-10
  skip (exists)  2026-06-10-board-of-henry-carter-hull-library-agenda.pdf
[posted 2026-06-09] Economic Development Commission — meeting 2026-05-12
  skip (exists)  2026-05-12-economic-development-commission-agenda.pdf
  skip (exists)  2026-05-12-economic-development-commission-minutes.pdf
[posted 2026-06-09] Water Pollution Control Commission — meeting 2026-06-09
  skip (exists)  2026-06-09-water-pollution-control-commission-agenda.pdf
[posted 2026-06-08] HCH Library Building Committee — meeting 2026-06-09
  skip (exists)  2026-06-09-hch-library-building-committee-agenda.pdf

Done — downloaded: 2  skipped: 8  failed: 0
Files in: beat-archive/agendas
Log:      beat-archive/agendas/download-log.txt
2026-06-12 05:46:03 — Clinton download complete.
